[2025-10-31T14:46:21.028Z] 
-------------------------------------
/pay route triggered for £1.99
-------------------------------------
[2025-10-31T14:46:21.610Z] INFO: ✅ Checkout session created: cs_test_a1c501yEuYdVTJha0UBAjCw8yzx0P97QuNouW8w1YkFJDerDYxPmGxGWd0
[2025-10-31T15:12:22.825Z] 
-------------------------------------
/pay route triggered for £1.99
-------------------------------------
[2025-10-31T15:12:23.500Z] INFO: ✅ Checkout session created: cs_test_a1spVE20M7JsD5ZDDXYE5LkdNGT2XnYjgvcLMUXiXqMgrxRCBTyFxfQ7kd
[2025-10-31T15:24:44.073Z] 
-------------------------------------
/pay route triggered for £1.99
-------------------------------------
[2025-10-31T15:24:44.665Z] INFO: ✅ Checkout session created: cs_test_a16N7Tea45JYx1m6wExSLN4z6WnuFYVnn5YHD742g7OUMHFzOk0eMCRXU4
[2025-10-31T15:46:49.069Z] 
-------------------------------------
/pay route triggered for £1.99
-------------------------------------
[2025-10-31T15:46:49.715Z] INFO: ✅ Checkout session created: cs_test_a1JOcaEkdAOA5Goc890UrVIWXl0kD2LDYNns8hvAlYc8RxPkuqWTM932sA
[2025-10-31T15:49:12.685Z] 
-------------------------------------
/pay route triggered for £1.99
-------------------------------------
[2025-10-31T15:49:13.241Z] INFO: ✅ Checkout session created: cs_test_a1aC6fY6W50YURVmZiXm0SoZnLJpbDPaptNogkbi4WpW4XQq8mGihQMObR
[2025-10-31T16:06:14.229Z] 
-------------------------------------
/pay route triggered for £1.99
-------------------------------------
[2025-10-31T16:06:14.958Z] INFO: ✅ Checkout session created: cs_test_a1Rm01jcrZZ785XSnw5UZpywaXXrN9hXFaDhfTPPIgL2hY7GfUdWtiRycn
[2025-10-31T16:10:26.909Z] 
-------------------------------------
/pay route triggered for £1.00
-------------------------------------
[2025-10-31T16:10:27.551Z] INFO: ✅ Checkout session created: cs_test_a1fJO29VK4O57ohqvJFKY3g36dznZH1wfNJEgOT6RC9lCv08G6aoqsOcjd
[2025-10-31T16:24:55.967Z] 
-------------------------------------
/pay route triggered for £1.00
-------------------------------------
[2025-10-31T16:24:56.464Z] INFO: ✅ Checkout session created: cs_test_a1AeGYa4rerulHVbK6NUJ9LWW3jUrFEtfMyHRDmtlUKqEEYUauyd5Ry3GA
[2025-10-31T16:29:36.359Z] 
-------------------------------------
/pay route triggered for £1.99
-------------------------------------
[2025-10-31T16:29:36.895Z] INFO: ✅ Checkout session created: cs_test_a1g35lIOrgkTr2sgHnZL49DnEczGbNY9IvtOeALuMPSX1wPuhpTvTnJUs7
[2025-10-31T16:32:22.524Z] 
-------------------------------------
/pay route triggered for £1.99
-------------------------------------
[2025-10-31T16:32:23.132Z] INFO: ✅ Checkout session created: cs_test_a1TdqciT79aBAnhPOtoFh4vLZiRe1tli98jjInQoM4k9I2kFhtRnPac7Ee
[2025-10-31T16:39:40.085Z] 
-------------------------------------
/pay route triggered for £1.99
-------------------------------------
[2025-10-31T16:39:40.677Z] INFO: ✅ Checkout session created: cs_test_a1n8Oj4SUfv1nWulZM8vXiwcBge3gyj4qm1CBcwahNmHvkQbnKIEpkkXwr
[2025-10-31T16:59:26.314Z] 
-------------------------------------
/pay route triggered for £1.99
-------------------------------------
[2025-10-31T16:59:26.787Z] INFO: ✅ Checkout session created: cs_test_a18e4VKn5a6N5VT03sibcWF3JhlZUm8LBOsMKOi5nvYOyBPowtfqrTIb0y
[2025-10-31T17:00:04.938Z] 
-------------------------------------
/pay route triggered for £1.99
-------------------------------------
[2025-10-31T17:00:05.396Z] INFO: ✅ Checkout session created: cs_test_a1WXByu30GC8mbmyo0WYn7GAQOmOb2eFDtNcftocq7KnsE4uCgxIjjqZ2S
[2025-10-31T19:07:46.079Z] 
-------------------------------------
/pay route triggered for £1.99
-------------------------------------
[2025-10-31T19:07:46.829Z] INFO: ✅ Checkout session created: cs_test_a1270dfwXRAUe1yB4hT8T9UntxRITe4J3OQAcRgezV1lL91OZ0b8g9LDDE
[2025-10-31T23:07:54.913Z] 
-------------------------------------
/pay route triggered for £1.99
-------------------------------------
[2025-10-31T23:07:55.468Z] INFO: ✅ Checkout session created: cs_test_a1iDFLnFegMsKpdbLM6i4tVGfIgGLwxj1dWWj9bmZnCEMulWK2a29DqccW
[2025-10-31T23:08:28.567Z] 
-------------------------------------
/pay route triggered for £1.99
-------------------------------------
[2025-10-31T23:08:28.935Z] INFO: ✅ Checkout session created: cs_test_a1okujaPlGfHfIAoXaxPhqDt9qMsLoQIuLFtbTqsWoIFuzWhhPTXwpQhwx
[2025-10-31T23:11:35.184Z] 
-------------------------------------
/pay route triggered for £1.99
-------------------------------------
[2025-10-31T23:11:35.749Z] INFO: ✅ Checkout session created: cs_test_a1V3CRbr2yDFfIr1VvjzKEx0TOHttQ9vbwC0uQd3vbAXcVWLoqkaW8pGTh
[2025-10-31T23:23:12.244Z] 
-------------------------------------
/pay route triggered for £1.99
-------------------------------------
[2025-10-31T23:23:12.711Z] INFO: ✅ Checkout session created: cs_test_a1OQEButbdjkKqPhcZ954oUtVnmGB0LYcSOSLOphZXZ7fx0jERhbhmUFi5
[2025-10-31T23:53:55.051Z] 
-------------------------------------
/pay route triggered for £1.99
-------------------------------------
[2025-10-31T23:53:55.577Z] INFO: ✅ Checkout session created: cs_test_a1LKxvk0EAkXnZznbDkB03XYYz9YqB17pHksdcoZoNFw9orr8p7Q5lx3On
